c:\users\adrie\desktop\towerdefense\release\vc141.pdb
c:\users\adrie\desktop\towerdefense\release\sprite.obj
c:\users\adrie\desktop\towerdefense\release\towerbutton.obj
c:\users\adrie\desktop\towerdefense\release\tower.obj
c:\users\adrie\desktop\towerdefense\release\userinterface.obj
c:\users\adrie\desktop\towerdefense\release\window.obj
c:\users\adrie\desktop\towerdefense\release\main.obj
c:\users\adrie\desktop\towerdefense\release\sdlmanager.obj
c:\users\adrie\desktop\towerdefense\release\game.obj
c:\users\adrie\desktop\towerdefense\release\gameinfo.obj
c:\users\adrie\desktop\towerdefense\release\eventmanager.obj
c:\users\adrie\desktop\towerdefense\release\event.obj
c:\users\adrie\desktop\towerdefense\release\actor.obj
c:\users\adrie\desktop\towerdefense\release\slot.obj
c:\users\adrie\desktop\towerdefense\release\actorsmanager.obj
c:\users\adrie\desktop\towerdefense\release\gameloader.obj
c:\users\adrie\desktop\towerdefense\release\enemy.obj
c:\users\adrie\desktop\towerdefense\release\projectile.obj
c:\users\adrie\desktop\towerdefense\release\field.obj
c:\users\adrie\desktop\towerdefense\release\audiomanager.obj
c:\users\adrie\desktop\towerdefense\release\button.obj
c:\users\adrie\desktop\towerdefense\release\towerdefense.exe
c:\users\adrie\desktop\towerdefense\release\towerdefense.pdb
c:\users\adrie\desktop\towerdefense\release\towerdefense.ipdb
c:\users\adrie\desktop\towerdefense\release\towerdefense.iobj
c:\users\adrie\desktop\towerdefense\release\towerdefense.tlog\cl.command.1.tlog
c:\users\adrie\desktop\towerdefense\release\towerdefense.tlog\cl.read.1.tlog
c:\users\adrie\desktop\towerdefense\release\towerdefense.tlog\cl.write.1.tlog
c:\users\adrie\desktop\towerdefense\release\towerdefense.tlog\link.command.1.tlog
c:\users\adrie\desktop\towerdefense\release\towerdefense.tlog\link.read.1.tlog
c:\users\adrie\desktop\towerdefense\release\towerdefense.tlog\link.write.1.tlog
c:\users\adrie\desktop\towerdefense\release\towerdefense.tlog\towerdefense.write.1u.tlog
