c:\users\adrie\desktop\towerdefense\debug\vc141.pdb
c:\users\adrie\desktop\towerdefense\debug\vc141.idb
c:\users\adrie\desktop\towerdefense\debug\audiomanager.obj
c:\users\adrie\desktop\towerdefense\debug\field.obj
c:\users\adrie\desktop\towerdefense\debug\projectile.obj
c:\users\adrie\desktop\towerdefense\debug\enemy.obj
c:\users\adrie\desktop\towerdefense\debug\gameloader.obj
c:\users\adrie\desktop\towerdefense\debug\actorsmanager.obj
c:\users\adrie\desktop\towerdefense\debug\slot.obj
c:\users\adrie\desktop\towerdefense\debug\actor.obj
c:\users\adrie\desktop\towerdefense\debug\event.obj
c:\users\adrie\desktop\towerdefense\debug\eventmanager.obj
c:\users\adrie\desktop\towerdefense\debug\gameinfo.obj
c:\users\adrie\desktop\towerdefense\debug\game.obj
c:\users\adrie\desktop\towerdefense\debug\sdlmanager.obj
c:\users\adrie\desktop\towerdefense\debug\main.obj
c:\users\adrie\desktop\towerdefense\debug\window.obj
c:\users\adrie\desktop\towerdefense\debug\userinterface.obj
c:\users\adrie\desktop\towerdefense\debug\tower.obj
c:\users\adrie\desktop\towerdefense\debug\towerbutton.obj
c:\users\adrie\desktop\towerdefense\debug\button.obj
c:\users\adrie\desktop\towerdefense\debug\sprite.obj
c:\users\adrie\desktop\towerdefense\debug\buttontowerselect.obj
c:\users\adrie\desktop\towerdefense\debug\towerdefense.exe
c:\users\adrie\desktop\towerdefense\debug\towerdefense.ilk
c:\users\adrie\desktop\towerdefense\debug\towerdefense.pdb
c:\users\adrie\desktop\towerdefense\debug\towerdefense.tlog\cl.command.1.tlog
c:\users\adrie\desktop\towerdefense\debug\towerdefense.tlog\cl.read.1.tlog
c:\users\adrie\desktop\towerdefense\debug\towerdefense.tlog\cl.write.1.tlog
c:\users\adrie\desktop\towerdefense\debug\towerdefense.tlog\link.command.1.tlog
c:\users\adrie\desktop\towerdefense\debug\towerdefense.tlog\link.read.1.tlog
c:\users\adrie\desktop\towerdefense\debug\towerdefense.tlog\link.write.1.tlog
